<?xml version="1.0" encoding="UTF-8" standalone="yes"?><!DOCTYPE report PUBLIC "-//JACOCO//DTD Report 1.0//EN" "report.dtd"><report name="Calculator Web Application"><sessioninfo id="BDC6-LX-6XT0NF2-3a3a2648" start="1581663054793" dump="1581663055346"/><package name="calc/calc/sq/mvn"><class name="calc/calc/sq/mvn/AgeCalc"><method name="&lt;init&gt;" desc="()V" line="6"><counter type="INSTRUCTION" missed="3" covered="0"/><counter type="LINE" missed="1" covered="0"/><counter type="COMPLEXITY" missed="1" covered="0"/><counter type="METHOD" missed="1" covered="0"/></method><method name="calculateAge" desc="(Ljava/lang/String;)Ljava/lang/String;" line="9"><counter type="INSTRUCTION" missed="136" covered="121"/><counter type="BRANCH" missed="20" covered="12"/><counter type="LINE" missed="20" covered="28"/><counter type="COMPLEXITY" missed="16" covered="1"/><counter type="METHOD" missed="0" covered="1"/></method><counter type="INSTRUCTION" missed="139" covered="121"/><counter type="BRANCH" missed="20" covered="12"/><counter type="LINE" missed="21" covered="28"/><counter type="COMPLEXITY" missed="17" covered="1"/><counter type="METHOD" missed="1" covered="1"/><counter type="CLASS" missed="0" covered="1"/></class><class name="calc/calc/sq/mvn/EMICalc"><method name="&lt;init&gt;" desc="()V" line="9"><counter type="INSTRUCTION" missed="3" covered="0"/><counter type="LINE" missed="1" covered="0"/><counter type="COMPLEXITY" missed="1" covered="0"/><counter type="METHOD" missed="1" covered="0"/></method><method name="calculateEMI" desc="(DID)D" line="16"><counter type="INSTRUCTION" missed="0" covered="39"/><counter type="LINE" missed="0" covered="6"/><counter type="COMPLEXITY" missed="0" covered="1"/><counter type="METHOD" missed="0" covered="1"/></method><method name="toString" desc="()Ljava/lang/String;" line="24"><counter type="INSTRUCTION" missed="2" covered="0"/><counter type="LINE" missed="1" covered="0"/><counter type="COMPLEXITY" missed="1" covered="0"/><counter type="METHOD" missed="1" covered="0"/></method><method name="equals" desc="(Lcalc/calc/sq/mvn/EMICalc;)Z" line="27"><counter type="INSTRUCTION" missed="2" covered="0"/><counter type="LINE" missed="1" covered="0"/><counter type="COMPLEXITY" missed="1" covered="0"/><counter type="METHOD" missed="1" covered="0"/></method><method name="&lt;clinit&gt;" desc="()V" line="13"><counter type="INSTRUCTION" missed="0" covered="3"/><counter type="LINE" missed="0" covered="2"/><counter type="COMPLEXITY" missed="0" covered="1"/><counter type="METHOD" missed="0" covered="1"/></method><counter type="INSTRUCTION" missed="7" covered="42"/><counter type="LINE" missed="3" covered="8"/><counter type="COMPLEXITY" missed="3" covered="2"/><counter type="METHOD" missed="3" covered="2"/><counter type="CLASS" missed="0" covered="1"/></class><class name="calc/calc/sq/mvn/Calc"><method name="&lt;init&gt;" desc="()V" line="5"><counter type="INSTRUCTION" missed="0" covered="3"/><counter type="LINE" missed="0" covered="1"/><counter type="COMPLEXITY" missed="0" covered="1"/><counter type="METHOD" missed="0" covered="1"/></method><method name="doAdd" desc="(DD)D" line="7"><counter type="INSTRUCTION" missed="0" covered="9"/><counter type="LINE" missed="0" covered="3"/><counter type="COMPLEXITY" missed="0" covered="1"/><counter type="METHOD" missed="0" covered="1"/></method><method name="doSub" desc="(DD)D" line="12"><counter type="INSTRUCTION" missed="0" covered="14"/><counter type="LINE" missed="0" covered="4"/><counter type="COMPLEXITY" missed="0" covered="1"/><counter type="METHOD" missed="0" covered="1"/></method><method name="doMul" desc="(DD)D" line="18"><counter type="INSTRUCTION" missed="0" covered="4"/><counter type="LINE" missed="0" covered="1"/><counter type="COMPLEXITY" missed="0" covered="1"/><counter type="METHOD" missed="0" covered="1"/></method><method name="doDiv" desc="(DD)D" line="21"><counter type="INSTRUCTION" missed="0" covered="12"/><counter type="BRANCH" missed="0" covered="2"/><counter type="LINE" missed="0" covered="3"/><counter type="COMPLEXITY" missed="0" covered="2"/><counter type="METHOD" missed="0" covered="1"/></method><method name="changeSign" desc="(D)D" line="27"><counter type="INSTRUCTION" missed="4" covered="0"/><counter type="LINE" missed="1" covered="0"/><counter type="COMPLEXITY" missed="1" covered="0"/><counter type="METHOD" missed="1" covered="0"/></method><counter type="INSTRUCTION" missed="4" covered="42"/><counter type="BRANCH" missed="0" covered="2"/><counter type="LINE" missed="1" covered="12"/><counter type="COMPLEXITY" missed="1" covered="6"/><counter type="METHOD" missed="1" covered="5"/><counter type="CLASS" missed="0" covered="1"/></class><sourcefile name="EMICalc.java"><line nr="9" mi="3" ci="0" mb="0" cb="0"/><line nr="13" mi="0" ci="2" mb="0" cb="0"/><line nr="14" mi="0" ci="1" mb="0" cb="0"/><line nr="16" mi="0" ci="4" mb="0" cb="0"/><line nr="17" mi="0" ci="20" mb="0" cb="0"/><line nr="18" mi="0" ci="5" mb="0" cb="0"/><line nr="19" mi="0" ci="5" mb="0" cb="0"/><line nr="20" mi="0" ci="3" mb="0" cb="0"/><line nr="21" mi="0" ci="2" mb="0" cb="0"/><line nr="24" mi="2" ci="0" mb="0" cb="0"/><line nr="27" mi="2" ci="0" mb="0" cb="0"/><counter type="INSTRUCTION" missed="7" covered="42"/><counter type="LINE" missed="3" covered="8"/><counter type="COMPLEXITY" missed="3" covered="2"/><counter type="METHOD" missed="3" covered="2"/><counter type="CLASS" missed="0" covered="1"/></sourcefile><sourcefile name="Calc.java"><line nr="5" mi="0" ci="3" mb="0" cb="0"/><line nr="7" mi="0" ci="3" mb="0" cb="0"/><line nr="8" mi="0" ci="4" mb="0" cb="0"/><line nr="9" mi="0" ci="2" mb="0" cb="0"/><line nr="12" mi="0" ci="6" mb="0" cb="0"/><line nr="13" mi="0" ci="2" mb="0" cb="0"/><line nr="14" mi="0" ci="4" mb="0" cb="0"/><line nr="15" mi="0" ci="2" mb="0" cb="0"/><line nr="18" mi="0" ci="4" mb="0" cb="0"/><line nr="21" mi="0" ci="4" mb="0" cb="2"/><line nr="22" mi="0" ci="4" mb="0" cb="0"/><line nr="24" mi="0" ci="4" mb="0" cb="0"/><line nr="27" mi="4" ci="0" mb="0" cb="0"/><counter type="INSTRUCTION" missed="4" covered="42"/><counter type="BRANCH" missed="0" covered="2"/><counter type="LINE" missed="1" covered="12"/><counter type="COMPLEXITY" missed="1" covered="6"/><counter type="METHOD" missed="1" covered="5"/><counter type="CLASS" missed="0" covered="1"/></sourcefile><sourcefile name="AgeCalc.java"><line nr="6" mi="3" ci="0" mb="0" cb="0"/><line nr="9" mi="0" ci="4" mb="0" cb="0"/><line nr="10" mi="0" ci="3" mb="0" cb="0"/><line nr="11" mi="0" ci="3" mb="0" cb="0"/><line nr="12" mi="0" ci="2" mb="0" cb="0"/><line nr="13" mi="0" ci="2" mb="0" cb="0"/><line nr="15" mi="0" ci="14" mb="0" cb="0"/><line nr="16" mi="0" ci="4" mb="0" cb="0"/><line nr="17" mi="0" ci="3" mb="0" cb="0"/><line nr="18" mi="0" ci="3" mb="0" cb="0"/><line nr="19" mi="0" ci="3" mb="0" cb="0"/><line nr="20" mi="0" ci="2" mb="1" cb="1"/><line nr="21" mi="5" ci="0" mb="0" cb="0"/><line nr="23" mi="0" ci="2" mb="1" cb="1"/><line nr="25" mi="5" ci="0" mb="0" cb="0"/><line nr="27" mi="0" ci="2" mb="1" cb="1"/><line nr="28" mi="5" ci="0" mb="0" cb="0"/><line nr="30" mi="0" ci="2" mb="1" cb="1"/><line nr="31" mi="0" ci="3" mb="1" cb="1"/><line nr="32" mi="12" ci="0" mb="0" cb="0"/><line nr="34" mi="0" ci="11" mb="0" cb="0"/><line nr="36" mi="0" ci="2" mb="1" cb="1"/><line nr="37" mi="0" ci="4" mb="1" cb="1"/><line nr="38" mi="3" ci="0" mb="2" cb="0"/><line nr="39" mi="12" ci="0" mb="0" cb="0"/><line nr="41" mi="12" ci="0" mb="0" cb="0"/><line nr="43" mi="0" ci="3" mb="1" cb="1"/><line nr="44" mi="14" ci="0" mb="0" cb="0"/><line nr="46" mi="0" ci="13" mb="0" cb="0"/><line nr="48" mi="0" ci="2" mb="1" cb="1"/><line nr="49" mi="0" ci="4" mb="1" cb="1"/><line nr="50" mi="3" ci="0" mb="2" cb="0"/><line nr="51" mi="12" ci="0" mb="0" cb="0"/><line nr="53" mi="12" ci="0" mb="0" cb="0"/><line nr="55" mi="0" ci="3" mb="1" cb="1"/><line nr="56" mi="14" ci="0" mb="0" cb="0"/><line nr="58" mi="0" ci="13" mb="0" cb="0"/><line nr="60" mi="4" ci="2" mb="5" cb="1"/><line nr="61" mi="10" ci="0" mb="0" cb="0"/><line nr="63" mi="0" ci="9" mb="0" cb="0"/><line nr="66" mi="1" ci="0" mb="0" cb="0"/><line nr="67" mi="2" ci="0" mb="0" cb="0"/><line nr="68" mi="2" ci="0" mb="0" cb="0"/><line nr="70" mi="1" ci="0" mb="0" cb="0"/><line nr="71" mi="2" ci="0" mb="0" cb="0"/><line nr="72" mi="2" ci="0" mb="0" cb="0"/><line nr="74" mi="3" ci="0" mb="0" cb="0"/><line nr="75" mi="0" ci="1" mb="0" cb="0"/><line nr="76" mi="0" ci="2" mb="0" cb="0"/><counter type="INSTRUCTION" missed="139" covered="121"/><counter type="BRANCH" missed="20" covered="12"/><counter type="LINE" missed="21" covered="28"/><counter type="COMPLEXITY" missed="17" covered="1"/><counter type="METHOD" missed="1" covered="1"/><counter type="CLASS" missed="0" covered="1"/></sourcefile><counter type="INSTRUCTION" missed="150" covered="205"/><counter type="BRANCH" missed="20" covered="14"/><counter type="LINE" missed="25" covered="48"/><counter type="COMPLEXITY" missed="21" covered="9"/><counter type="METHOD" missed="5" covered="8"/><counter type="CLASS" missed="0" covered="3"/></package><counter type="INSTRUCTION" missed="150" covered="205"/><counter type="BRANCH" missed="20" covered="14"/><counter type="LINE" missed="25" covered="48"/><counter type="COMPLEXITY" missed="21" covered="9"/><counter type="METHOD" missed="5" covered="8"/><counter type="CLASS" missed="0" covered="3"/></report>